2025-07-30 15:32:16 [NOTICE]: Page fetched successfully
2025-07-30 15:32:16 [INFO]: Performing _action_: scrape on .financials-archives
2025-07-30 15:32:16 [WARNING]: Missing field 'Dom_Term_between_3_to_10': Message: no such element: Unable to locate element: {"method":"css selector","selector":"#fa-tab13 .tab_btn:nth-child(2)"}
  (Session info: chrome=138.0.7204.183); For documentation on this error, please visit: https://www.selenium.dev/documentation/webdriver/troubleshooting/errors#nosuchelementexception
Stacktrace:
	GetHandleVerifier [0x0x7ff7969be415+77285]
	GetHandleVerifier [0x0x7ff7969be470+77376]
	(No symbol) [0x0x7ff796789a6a]
	(No symbol) [0x0x7ff7967e0406]
	(No symbol) [0x0x7ff7967e06bc]
	(No symbol) [0x0x7ff7967d2e3c]
	(No symbol) [0x0x7ff79680864f]
	(No symbol) [0x0x7ff7967d2d06]
	(No symbol) [0x0x7ff796808820]
	(No symbol) [0x0x7ff79683087f]
	(No symbol) [0x0x7ff7968083e3]
	(No symbol) [0x0x7ff7967d1521]
	(No symbol) [0x0x7ff7967d22b3]
	GetHandleVerifier [0x0x7ff796ca1efd+3107021]
	GetHandleVerifier [0x0x7ff796c9c29d+3083373]
	GetHandleVerifier [0x0x7ff796cbbedd+3213485]
	GetHandleVerifier [0x0x7ff7969d884e+184862]
	GetHandleVerifier [0x0x7ff7969e055f+216879]
	GetHandleVerifier [0x0x7ff7969c7084+113236]
	GetHandleVerifier [0x0x7ff7969c7239+113673]
	GetHandleVerifier [0x0x7ff7969ae298+11368]
	BaseThreadInitThunk [0x0x7fff7130e8d7+23]
	RtlUserThreadStart [0x0x7fff71b7c34c+44]

2025-07-30 15:32:16 [INFO]: Scraped data: dict_keys(['Dom_Term_below_3', 'Dom_Term_between_3_to_10'])
2025-07-30 15:32:16 [INFO]: Performing _action_: scrape on fa-tab1321
2025-07-30 15:32:16 [INFO]: Scraped data: dict_keys(['Saving_Term_Deposit'])
2025-07-30 15:32:20 [NOTICE]: Page fetched successfully
2025-07-30 15:32:20 [INFO]: Performing _action_: website on .row
2025-07-30 15:32:25 [INFO]: Redirecting to webpage https://sbi.co.in/web/interest-rates/savings-bank-deposits
2025-07-30 15:32:25 [INFO]: Performing _action_: scrape on #content
2025-07-30 15:32:25 [INFO]: Scraped data: dict_keys(['Saving_Term_Deposit'])
2025-07-30 15:32:25 [INFO]: Performing _action_: website on .row
2025-07-30 15:32:30 [INFO]: Redirecting to webpage https://sbi.co.in/web/interest-rates/deposit-rates/retail-domestic-term-deposits
2025-07-30 15:32:31 [INFO]: Performing _action_: scrape on .middle_inner
2025-07-30 15:32:31 [INFO]: Scraped data: dict_keys(['Domestic_Term_Deposit'])
2025-07-30 15:32:31 [INFO]: Performing _action_: website on .row
2025-07-30 15:32:36 [INFO]: Redirecting to webpage  https://sbi.co.in/web/interest-rates/deposit-rates/domestic-bulk-term-deposits
2025-07-30 15:32:36 [INFO]: Performing _action_: scrape on #menu_0
2025-07-30 15:32:36 [INFO]: Scraped data: dict_keys(['Domestic_Term_Deposit_Non_Call'])
2025-07-30 15:32:39 [NOTICE]: Page fetched successfully
2025-07-30 15:32:39 [INFO]: Performing _action_: scrape on #mainbody
2025-07-30 15:32:39 [INFO]: Scraped data: dict_keys(['saving_rate', 'domestic_term', 'bulk_nre'])
