2025-07-30 15:38:58 [NOTICE]: Page fetched successfully
2025-07-30 15:38:58 [INFO]: Performing _action_: scrape on #fa-tab132
2025-07-30 15:39:08 [WARNING]: Element not found, skipping: #fa-tab132
2025-07-30 15:39:08 [INFO]: Performing _action_: scrape on #fa-tab14
2025-07-30 15:39:08 [INFO]: Scraped data: dict_keys(['Saving_Term_Deposit'])
2025-07-30 15:39:16 [NOTICE]: Page fetched successfully
2025-07-30 15:39:16 [INFO]: Performing _action_: website on .row
2025-07-30 15:39:21 [INFO]: Redirecting to webpage https://sbi.co.in/web/interest-rates/savings-bank-deposits
2025-07-30 15:39:21 [INFO]: Performing _action_: scrape on #content
2025-07-30 15:39:21 [INFO]: Scraped data: dict_keys(['Saving_Term_Deposit'])
2025-07-30 15:39:21 [INFO]: Performing _action_: website on .row
2025-07-30 15:39:26 [INFO]: Redirecting to webpage https://sbi.co.in/web/interest-rates/deposit-rates/retail-domestic-term-deposits
2025-07-30 15:39:27 [INFO]: Performing _action_: scrape on .middle_inner
2025-07-30 15:39:27 [INFO]: Scraped data: dict_keys(['Domestic_Term_Deposit'])
2025-07-30 15:39:27 [INFO]: Performing _action_: website on .row
2025-07-30 15:39:32 [INFO]: Redirecting to webpage  https://sbi.co.in/web/interest-rates/deposit-rates/domestic-bulk-term-deposits
2025-07-30 15:39:32 [INFO]: Performing _action_: scrape on #menu_0
2025-07-30 15:39:32 [INFO]: Scraped data: dict_keys(['Domestic_Term_Deposit_Non_Call'])
2025-07-30 15:39:34 [NOTICE]: Page fetched successfully
2025-07-30 15:39:34 [INFO]: Performing _action_: scrape on #mainbody
2025-07-30 15:39:34 [INFO]: Scraped data: dict_keys(['saving_rate', 'domestic_term', 'bulk_nre'])
