2025-07-30 15:00:46 [NOTICE]: Page fetched successfully
2025-07-30 15:00:46 [INFO]: Performing _action_: scrape on .items
2025-07-30 15:00:46 [INFO]: Scraped data: dict_keys(['domestic_nro_3', 'bob_green_domestic_nro_3', 'domestic_nro_3_to_10', 'bob_green_domestic_nro_3_to_10', 'nre_3_to_10', 'domestic_nro_above_10_to_1000', 'nre_below_3', 'bob_green_nre_3_to_10', 'nre_above_10_to_1000', 'adv_1_3_dom_nre_nro', 'reg_3_10_dom_nre_nro', 'green_sub3_dom_nre_nro', 'green_3_10_dom_nre_nro', 'adv_10_1000_dom', 'slab_wise'])
2025-07-30 15:00:46 [INFO]: Performing _action_: website on #content
2025-07-30 15:00:46 [INFO]: Redirecting to webpage https://www.bankofbaroda.in/interest-rate-and-service-charges/retail-loans-interest-rates
2025-07-30 15:00:51 [INFO]: Performing _action_: scrape on #second-scroll
2025-07-30 15:00:52 [INFO]: Scraped data: dict_keys(['mclr'])
2025-07-30 15:00:54 [NOTICE]: Page fetched successfully
2025-07-30 15:00:54 [INFO]: Performing _action_: website on .portlet
2025-07-30 15:00:59 [INFO]: Redirecting to webpage https://bankofindia.co.in/interest-rate/saving-bank-deposit-rate
2025-07-30 15:01:00 [INFO]: Performing _action_: scrape on .th-boi
2025-07-30 15:01:00 [INFO]: Scraped data: dict_keys(['Saving_Deposit'])
2025-07-30 15:01:00 [INFO]: Performing _action_: website on .portlet
2025-07-30 15:01:05 [INFO]: Redirecting to webpage https://bankofindia.co.in/interest-rate/rupee-term-deposit-rate
2025-07-30 15:01:05 [INFO]: Performing _action_: scrape on #portlet_com_liferay_journal_content_web_portlet_JournalContentPortlet_INSTANCE_jtdf .boi-table-struture .card-body
2025-07-30 15:01:05 [INFO]: Scraped data: dict_keys(['Rupee_Term_Deposit'])
2025-07-30 15:01:05 [INFO]: Performing _action_: website on .portlet
2025-07-30 15:01:10 [INFO]: Redirecting to webpage  https://bankofindia.co.in/interest-rate/interest-rate-mclr/2025
2025-07-30 15:01:10 [INFO]: Performing _action_: scrape on .accordion-div:nth-child(1) .accordion
2025-07-30 15:01:10 [INFO]: Scraped data: dict_keys(['MCLR'])
2025-07-30 15:01:10 [INFO]: Returning to Base Window.
2025-07-30 15:01:13 [NOTICE]: Page fetched successfully
2025-07-30 15:01:13 [INFO]: Performing _action_: scrape on .inner_post_content
2025-07-30 15:01:13 [INFO]: Scraped data: dict_keys(['Term_Deposit'])
2025-07-30 15:01:13 [INFO]: Performing _action_: website on .inner_post_content
2025-07-30 15:01:18 [INFO]: Redirecting to webpage https://bankofmaharashtra.in/nre-deposits
2025-07-30 15:01:19 [INFO]: Performing _action_: scrape on .inner_post_content
2025-07-30 15:01:19 [INFO]: Scraped data: dict_keys(['NRE_Deposit'])
2025-07-30 15:01:24 [NOTICE]: Page fetched successfully
2025-07-30 15:01:24 [INFO]: Performing _action_: scrape on .randomContent
2025-07-30 15:01:24 [INFO]: Scraped data: dict_keys(['Retail_Term', 'Green_Retail_Term', 'Bulk_Term'])
2025-07-30 15:01:31 [NOTICE]: Page fetched successfully
2025-07-30 15:01:31 [INFO]: Performing _action_: scrape on .date
2025-07-30 15:01:31 [INFO]: Scraped data: dict_keys(['Saving_Term_Deposit'])
2025-07-30 15:01:39 [NOTICE]: Page fetched successfully
2025-07-30 15:01:39 [INFO]: Performing _action_: scrape on .middle-content
2025-07-30 15:01:39 [INFO]: Scraped data: dict_keys(['Saving_Deposit'])
2025-07-30 15:01:41 [NOTICE]: Page fetched successfully
2025-07-30 15:01:41 [INFO]: Performing _action_: scrape on .financials-archives
2025-07-30 15:01:41 [INFO]: Scraped data: dict_keys(['Saving_Term_Deposit', 'Domestic_Term_Deposit'])
2025-07-30 15:01:44 [NOTICE]: Page fetched successfully
2025-07-30 15:01:44 [INFO]: Performing _action_: website on .row
2025-07-30 15:01:49 [INFO]: Redirecting to webpage https://sbi.co.in/web/interest-rates/savings-bank-deposits
2025-07-30 15:01:50 [INFO]: Performing _action_: scrape on #content
2025-07-30 15:01:50 [INFO]: Scraped data: dict_keys(['Saving_Term_Deposit'])
2025-07-30 15:01:50 [INFO]: Performing _action_: website on .row
2025-07-30 15:01:55 [INFO]: Redirecting to webpage https://sbi.co.in/web/interest-rates/deposit-rates/retail-domestic-term-deposits
2025-07-30 15:01:55 [INFO]: Performing _action_: scrape on .middle_inner
2025-07-30 15:01:55 [INFO]: Scraped data: dict_keys(['Domestic_Term_Deposit'])
2025-07-30 15:01:55 [INFO]: Performing _action_: website on .row
2025-07-30 15:02:00 [INFO]: Redirecting to webpage  https://sbi.co.in/web/interest-rates/deposit-rates/domestic-bulk-term-deposits
2025-07-30 15:02:01 [INFO]: Performing _action_: scrape on #menu_0
2025-07-30 15:02:01 [INFO]: Scraped data: dict_keys(['Domestic_Term_Deposit_Non_Call'])
2025-07-30 15:02:03 [NOTICE]: Page fetched successfully
2025-07-30 15:02:03 [INFO]: Performing _action_: None on mainbody
2025-07-30 15:02:03 [INFO]: Checked presence of element: id=mainbody
2025-07-30 15:02:03 [INFO]: Performing _action_: scrape on table-responsive
2025-07-30 15:02:04 [WARNING]: Missing field 'row': Message: no such element: Unable to locate element: {"method":"css selector","selector":"tr"}
  (Session info: chrome=138.0.7204.183); For documentation on this error, please visit: https://www.selenium.dev/documentation/webdriver/troubleshooting/errors#nosuchelementexception
Stacktrace:
	GetHandleVerifier [0x0x7ff7969be415+77285]
	GetHandleVerifier [0x0x7ff7969be470+77376]
	(No symbol) [0x0x7ff796789a6a]
	(No symbol) [0x0x7ff7967e0406]
	(No symbol) [0x0x7ff7967e06bc]
	(No symbol) [0x0x7ff7967d2e3c]
	(No symbol) [0x0x7ff79680864f]
	(No symbol) [0x0x7ff7967d2d06]
	(No symbol) [0x0x7ff796808820]
	(No symbol) [0x0x7ff79683087f]
	(No symbol) [0x0x7ff7968083e3]
	(No symbol) [0x0x7ff7967d1521]
	(No symbol) [0x0x7ff7967d22b3]
	GetHandleVerifier [0x0x7ff796ca1efd+3107021]
	GetHandleVerifier [0x0x7ff796c9c29d+3083373]
	GetHandleVerifier [0x0x7ff796cbbedd+3213485]
	GetHandleVerifier [0x0x7ff7969d884e+184862]
	GetHandleVerifier [0x0x7ff7969e055f+216879]
	GetHandleVerifier [0x0x7ff7969c7084+113236]
	GetHandleVerifier [0x0x7ff7969c7239+113673]
	GetHandleVerifier [0x0x7ff7969ae298+11368]
	BaseThreadInitThunk [0x0x7fff7130e8d7+23]
	RtlUserThreadStart [0x0x7fff71b7c34c+44]

2025-07-30 15:02:04 [WARNING]: Missing field 'cell': Message: no such element: Unable to locate element: {"method":"css selector","selector":"td"}
  (Session info: chrome=138.0.7204.183); For documentation on this error, please visit: https://www.selenium.dev/documentation/webdriver/troubleshooting/errors#nosuchelementexception
Stacktrace:
	GetHandleVerifier [0x0x7ff7969be415+77285]
	GetHandleVerifier [0x0x7ff7969be470+77376]
	(No symbol) [0x0x7ff796789a6a]
	(No symbol) [0x0x7ff7967e0406]
	(No symbol) [0x0x7ff7967e06bc]
	(No symbol) [0x0x7ff7967d2e3c]
	(No symbol) [0x0x7ff79680864f]
	(No symbol) [0x0x7ff7967d2d06]
	(No symbol) [0x0x7ff796808820]
	(No symbol) [0x0x7ff79683087f]
	(No symbol) [0x0x7ff7968083e3]
	(No symbol) [0x0x7ff7967d1521]
	(No symbol) [0x0x7ff7967d22b3]
	GetHandleVerifier [0x0x7ff796ca1efd+3107021]
	GetHandleVerifier [0x0x7ff796c9c29d+3083373]
	GetHandleVerifier [0x0x7ff796cbbedd+3213485]
	GetHandleVerifier [0x0x7ff7969d884e+184862]
	GetHandleVerifier [0x0x7ff7969e055f+216879]
	GetHandleVerifier [0x0x7ff7969c7084+113236]
	GetHandleVerifier [0x0x7ff7969c7239+113673]
	GetHandleVerifier [0x0x7ff7969ae298+11368]
	BaseThreadInitThunk [0x0x7fff7130e8d7+23]
	RtlUserThreadStart [0x0x7fff71b7c34c+44]

2025-07-30 15:02:04 [WARNING]: Missing field 'row': Message: no such element: Unable to locate element: {"method":"css selector","selector":"tr"}
  (Session info: chrome=138.0.7204.183); For documentation on this error, please visit: https://www.selenium.dev/documentation/webdriver/troubleshooting/errors#nosuchelementexception
Stacktrace:
	GetHandleVerifier [0x0x7ff7969be415+77285]
	GetHandleVerifier [0x0x7ff7969be470+77376]
	(No symbol) [0x0x7ff796789a6a]
	(No symbol) [0x0x7ff7967e0406]
	(No symbol) [0x0x7ff7967e06bc]
	(No symbol) [0x0x7ff7967d2e3c]
	(No symbol) [0x0x7ff79680864f]
	(No symbol) [0x0x7ff7967d2d06]
	(No symbol) [0x0x7ff796808820]
	(No symbol) [0x0x7ff79683087f]
	(No symbol) [0x0x7ff7968083e3]
	(No symbol) [0x0x7ff7967d1521]
	(No symbol) [0x0x7ff7967d22b3]
	GetHandleVerifier [0x0x7ff796ca1efd+3107021]
	GetHandleVerifier [0x0x7ff796c9c29d+3083373]
	GetHandleVerifier [0x0x7ff796cbbedd+3213485]
	GetHandleVerifier [0x0x7ff7969d884e+184862]
	GetHandleVerifier [0x0x7ff7969e055f+216879]
	GetHandleVerifier [0x0x7ff7969c7084+113236]
	GetHandleVerifier [0x0x7ff7969c7239+113673]
	GetHandleVerifier [0x0x7ff7969ae298+11368]
	BaseThreadInitThunk [0x0x7fff7130e8d7+23]
	RtlUserThreadStart [0x0x7fff71b7c34c+44]

2025-07-30 15:02:04 [WARNING]: Missing field 'cell': Message: no such element: Unable to locate element: {"method":"css selector","selector":"td"}
  (Session info: chrome=138.0.7204.183); For documentation on this error, please visit: https://www.selenium.dev/documentation/webdriver/troubleshooting/errors#nosuchelementexception
Stacktrace:
	GetHandleVerifier [0x0x7ff7969be415+77285]
	GetHandleVerifier [0x0x7ff7969be470+77376]
	(No symbol) [0x0x7ff796789a6a]
	(No symbol) [0x0x7ff7967e0406]
	(No symbol) [0x0x7ff7967e06bc]
	(No symbol) [0x0x7ff7967d2e3c]
	(No symbol) [0x0x7ff79680864f]
	(No symbol) [0x0x7ff7967d2d06]
	(No symbol) [0x0x7ff796808820]
	(No symbol) [0x0x7ff79683087f]
	(No symbol) [0x0x7ff7968083e3]
	(No symbol) [0x0x7ff7967d1521]
	(No symbol) [0x0x7ff7967d22b3]
	GetHandleVerifier [0x0x7ff796ca1efd+3107021]
	GetHandleVerifier [0x0x7ff796c9c29d+3083373]
	GetHandleVerifier [0x0x7ff796cbbedd+3213485]
	GetHandleVerifier [0x0x7ff7969d884e+184862]
	GetHandleVerifier [0x0x7ff7969e055f+216879]
	GetHandleVerifier [0x0x7ff7969c7084+113236]
	GetHandleVerifier [0x0x7ff7969c7239+113673]
	GetHandleVerifier [0x0x7ff7969ae298+11368]
	BaseThreadInitThunk [0x0x7fff7130e8d7+23]
	RtlUserThreadStart [0x0x7fff71b7c34c+44]

2025-07-30 15:02:04 [INFO]: Scraped data: dict_keys(['row', 'cell'])
2025-07-30 15:02:06 [NOTICE]: Page fetched successfully
2025-07-30 15:02:06 [INFO]: Performing _action_: scrape on #main_content
2025-07-30 15:02:06 [INFO]: Scraped data: dict_keys(['Deposit_Rate'])
2025-07-30 15:02:06 [INFO]: Performing _action_: table on table
2025-07-30 15:02:06 [INFO]: Saved 2 tables to output_1753867926.xlsx
2025-07-30 15:02:09 [NOTICE]: Page fetched successfully
2025-07-30 15:02:09 [INFO]: Performing _action_: scrape on #content
2025-07-30 15:02:09 [INFO]: Scraped data: dict_keys(['Saving_Term_Deposit', 'Domestic_Term_Deposit'])
2025-07-30 15:02:11 [NOTICE]: Page fetched successfully
2025-07-30 15:02:11 [INFO]: Performing _action_: scrape on .main-content
2025-07-30 15:02:11 [INFO]: Scraped data: dict_keys(['Savings_Term', 'Bulk_Callable', 'Bulk_Non_Callable', 'Fncr_Deposits'])
2025-07-30 15:02:11 [INFO]: Performing _action_: screenshot on .main-content
2025-07-30 15:02:11 [INFO]: Saved screenshot: screenshot.png
