2025-07-30 15:48:05 [NOTICE]: Page fetched successfully
2025-07-30 15:48:05 [INFO]: Performing _action_: scrape on #fa-tab13
2025-07-30 15:48:16 [WARNING]: Element not found, skipping: #fa-tab13
2025-07-30 15:48:16 [INFO]: Performing _action_: scrape on #fa-tab14
2025-07-30 15:48:16 [INFO]: Scraped data: dict_keys(['Saving_Term_Deposit'])
2025-07-30 15:48:20 [NOTICE]: Page fetched successfully
2025-07-30 15:48:20 [INFO]: Performing _action_: website on .row
2025-07-30 15:48:25 [INFO]: Redirecting to webpage https://sbi.co.in/web/interest-rates/savings-bank-deposits
2025-07-30 15:48:26 [INFO]: Performing _action_: scrape on #content
2025-07-30 15:48:26 [INFO]: Scraped data: dict_keys(['Saving_Term_Deposit'])
2025-07-30 15:48:26 [INFO]: Performing _action_: website on .row
2025-07-30 15:48:31 [INFO]: Redirecting to webpage https://sbi.co.in/web/interest-rates/deposit-rates/retail-domestic-term-deposits
2025-07-30 15:48:31 [INFO]: Performing _action_: scrape on .middle_inner
2025-07-30 15:48:31 [INFO]: Scraped data: dict_keys(['Domestic_Term_Deposit'])
2025-07-30 15:48:31 [INFO]: Performing _action_: website on .row
2025-07-30 15:48:36 [INFO]: Redirecting to webpage  https://sbi.co.in/web/interest-rates/deposit-rates/domestic-bulk-term-deposits
2025-07-30 15:48:37 [INFO]: Performing _action_: scrape on #menu_0
2025-07-30 15:48:37 [INFO]: Scraped data: dict_keys(['Domestic_Term_Deposit_Non_Call'])
2025-07-30 15:48:39 [NOTICE]: Page fetched successfully
2025-07-30 15:48:39 [INFO]: Performing _action_: scrape on #mainbody
2025-07-30 15:48:39 [INFO]: Scraped data: dict_keys(['saving_rate', 'domestic_term', 'bulk_nre'])
