2025-07-30 16:14:07 [NOTICE]: Page fetched successfully
2025-07-30 16:14:07 [INFO]: Performing _action_: website on .portlet
2025-07-30 16:14:12 [INFO]: Redirecting to webpage https://bankofindia.co.in/interest-rate/saving-bank-deposit-rate
2025-07-30 16:14:13 [INFO]: Performing _action_: scrape on .th-boi
2025-07-30 16:14:13 [INFO]: Scraped data: dict_keys(['Saving_Deposit'])
2025-07-30 16:14:13 [INFO]: Performing _action_: website on .portlet
2025-07-30 16:14:18 [INFO]: Redirecting to webpage https://bankofindia.co.in/interest-rate/rupee-term-deposit-rate
2025-07-30 16:14:18 [INFO]: Performing _action_: scrape on #portlet_com_liferay_journal_content_web_portlet_JournalContentPortlet_INSTANCE_jtdf .boi-table-struture .card-body
2025-07-30 16:14:18 [INFO]: Scraped data: dict_keys(['Rupee_Term_Deposit'])
2025-07-30 16:14:18 [INFO]: Performing _action_: website on .portlet
2025-07-30 16:14:23 [INFO]: Redirecting to webpage  https://bankofindia.co.in/interest-rate/interest-rate-mclr/2025
2025-07-30 16:14:24 [INFO]: Performing _action_: scrape on .accordion-div:nth-child(1) .accordion
2025-07-30 16:14:24 [INFO]: Scraped data: dict_keys(['MCLR'])
2025-07-30 16:14:24 [INFO]: Returning to Base Window.
2025-07-30 16:14:30 [NOTICE]: Page fetched successfully
2025-07-30 16:14:30 [INFO]: Performing _action_: scrape on .inner_post_content
2025-07-30 16:14:30 [INFO]: Scraped data: dict_keys(['Term_Deposit'])
2025-07-30 16:14:30 [INFO]: Performing _action_: website on .inner_post_content
2025-07-30 16:14:35 [INFO]: Redirecting to webpage https://bankofmaharashtra.in/nre-deposits
2025-07-30 16:14:36 [INFO]: Performing _action_: scrape on .inner_post_content
2025-07-30 16:14:36 [INFO]: Scraped data: dict_keys(['NRE_Deposit'])
2025-07-30 16:14:37 [NOTICE]: Page fetched successfully
2025-07-30 16:14:37 [INFO]: Performing _action_: scrape on .main-content
2025-07-30 16:14:37 [INFO]: Scraped data: dict_keys(['Savings_Term', 'Bulk_Callable', 'Bulk_Non_Callable', 'Fncr_Deposits'])
2025-07-30 16:14:37 [INFO]: Performing _action_: screenshot on .main-content
2025-07-30 16:14:38 [INFO]: Saved screenshot: screenshot.png
2025-07-30 16:14:41 [NOTICE]: Page fetched successfully
2025-07-30 16:14:41 [INFO]: Performing _action_: scrape on #content
2025-07-30 16:14:41 [INFO]: Scraped data: dict_keys(['Saving_Term_Deposit', 'Domestic_Term_Deposit'])
2025-07-30 16:14:46 [NOTICE]: Page fetched successfully
2025-07-30 16:14:46 [INFO]: Performing _action_: scrape on .randomContent
2025-07-30 16:14:46 [INFO]: Scraped data: dict_keys(['Retail_Term', 'Green_Retail_Term', 'Bulk_Term'])
2025-07-30 16:14:52 [NOTICE]: Page fetched successfully
2025-07-30 16:14:52 [INFO]: Performing _action_: scrape on .date
2025-07-30 16:14:52 [INFO]: Scraped data: dict_keys(['Saving_Term_Deposit'])
2025-07-30 16:15:00 [NOTICE]: Page fetched successfully
2025-07-30 16:15:00 [INFO]: Performing _action_: scrape on .middle-content
2025-07-30 16:15:01 [INFO]: Scraped data: dict_keys(['Saving_Deposit'])
2025-07-30 16:15:08 [NOTICE]: Page fetched successfully
2025-07-30 16:15:08 [INFO]: Performing _action_: scrape on #fa-tab13
2025-07-30 16:15:18 [WARNING]: Element not found, skipping: #fa-tab13
2025-07-30 16:15:18 [INFO]: Performing _action_: scrape on #fa-tab14
2025-07-30 16:15:18 [INFO]: Scraped data: dict_keys(['Saving_Term_Deposit'])
2025-07-30 16:15:25 [NOTICE]: Page fetched successfully
2025-07-30 16:15:25 [INFO]: Performing _action_: website on .row
2025-07-30 16:15:30 [INFO]: Redirecting to webpage https://sbi.co.in/web/interest-rates/savings-bank-deposits
2025-07-30 16:15:30 [INFO]: Performing _action_: scrape on #content
2025-07-30 16:15:30 [INFO]: Scraped data: dict_keys(['Saving_Term_Deposit'])
2025-07-30 16:15:30 [INFO]: Performing _action_: website on .row
2025-07-30 16:15:35 [INFO]: Redirecting to webpage https://sbi.co.in/web/interest-rates/deposit-rates/retail-domestic-term-deposits
2025-07-30 16:15:36 [INFO]: Performing _action_: scrape on .middle_inner
2025-07-30 16:15:36 [INFO]: Scraped data: dict_keys(['Domestic_Term_Deposit'])
2025-07-30 16:15:36 [INFO]: Performing _action_: website on .row
2025-07-30 16:15:41 [INFO]: Redirecting to webpage  https://sbi.co.in/web/interest-rates/deposit-rates/domestic-bulk-term-deposits
2025-07-30 16:15:42 [INFO]: Performing _action_: scrape on #menu_0
2025-07-30 16:15:42 [INFO]: Scraped data: dict_keys(['Domestic_Term_Deposit_Non_Call'])
2025-07-30 16:15:44 [NOTICE]: Page fetched successfully
2025-07-30 16:15:44 [INFO]: Performing _action_: scrape on #mainbody
2025-07-30 16:15:44 [INFO]: Scraped data: dict_keys(['saving_rate', 'domestic_term', 'bulk_nre'])
2025-07-30 16:15:46 [NOTICE]: Page fetched successfully
2025-07-30 16:15:46 [INFO]: Performing _action_: scrape on #main_content
2025-07-30 16:15:46 [INFO]: Scraped data: dict_keys(['Deposit_Rate'])
2025-07-30 16:15:46 [INFO]: Performing _action_: table on table
2025-07-30 16:15:46 [INFO]: Saved 2 tables to output_1753872346.xlsx
