2025-07-30 15:35:01 [NOTICE]: Page fetched successfully
2025-07-30 15:35:01 [INFO]: Performing _action_: scrape on #fa-tab13
2025-07-30 15:35:11 [WARNING]: Element not found, skipping: #fa-tab13
2025-07-30 15:35:11 [INFO]: Performing _action_: scrape on #fa-tab1321
2025-07-30 15:35:11 [INFO]: Scraped data: dict_keys(['Saving_Term_Deposit'])
2025-07-30 15:35:14 [NOTICE]: Page fetched successfully
2025-07-30 15:35:14 [INFO]: Performing _action_: website on .row
2025-07-30 15:35:19 [INFO]: Redirecting to webpage https://sbi.co.in/web/interest-rates/savings-bank-deposits
2025-07-30 15:35:20 [INFO]: Performing _action_: scrape on #content
2025-07-30 15:35:20 [INFO]: Scraped data: dict_keys(['Saving_Term_Deposit'])
2025-07-30 15:35:20 [INFO]: Performing _action_: website on .row
2025-07-30 15:35:25 [INFO]: Redirecting to webpage https://sbi.co.in/web/interest-rates/deposit-rates/retail-domestic-term-deposits
2025-07-30 15:35:25 [INFO]: Performing _action_: scrape on .middle_inner
2025-07-30 15:35:25 [INFO]: Scraped data: dict_keys(['Domestic_Term_Deposit'])
2025-07-30 15:35:25 [INFO]: Performing _action_: website on .row
2025-07-30 15:35:30 [INFO]: Redirecting to webpage  https://sbi.co.in/web/interest-rates/deposit-rates/domestic-bulk-term-deposits
2025-07-30 15:35:31 [INFO]: Performing _action_: scrape on #menu_0
2025-07-30 15:35:31 [INFO]: Scraped data: dict_keys(['Domestic_Term_Deposit_Non_Call'])
2025-07-30 15:35:33 [NOTICE]: Page fetched successfully
2025-07-30 15:35:33 [INFO]: Performing _action_: scrape on #mainbody
2025-07-30 15:35:33 [INFO]: Scraped data: dict_keys(['saving_rate', 'domestic_term', 'bulk_nre'])
